<?xml version="1.0" encoding="UTF-8"?>
<testng-results skipped="0" failed="0" total="1" passed="1">
  <reporter-output>
  </reporter-output>
  <suite name="Suite" duration-ms="22621" started-at="2018-07-04T13:50:31Z" finished-at="2018-07-04T13:50:54Z">
    <groups>
    </groups>
    <test name="Test" duration-ms="22621" started-at="2018-07-04T13:50:31Z" finished-at="2018-07-04T13:50:54Z">
      <class name="example.NewTest">
        <test-method status="PASS" signature="beforeTest()[pri:0, instance:example.NewTest@4cc0edeb]" name="beforeTest" is-config="true" duration-ms="17" started-at="2018-07-04T19:20:31Z" finished-at="2018-07-04T19:20:31Z">
          <reporter-output>
          </reporter-output>
        </test-method> <!-- beforeTest -->
        <test-method status="PASS" signature="f()[pri:0, instance:example.NewTest@4cc0edeb]" name="f" duration-ms="22536" started-at="2018-07-04T19:20:31Z" finished-at="2018-07-04T19:20:54Z">
          <reporter-output>
          </reporter-output>
        </test-method> <!-- f -->
        <test-method status="PASS" signature="afterTest()[pri:0, instance:example.NewTest@4cc0edeb]" name="afterTest" is-config="true" duration-ms="0" started-at="2018-07-04T19:20:54Z" finished-at="2018-07-04T19:20:54Z">
          <reporter-output>
          </reporter-output>
        </test-method> <!-- afterTest -->
      </class> <!-- example.NewTest -->
    </test> <!-- Test -->
  </suite> <!-- Suite -->
</testng-results>
